
> alicia-morales-coach@0.1.0 build
> next build

node.exe : 
En línea: 1 
Carácter: 1
+ & "C:\Program Files
\nodejs/node.exe" 
"C:\Program 
Files\nodejs/node_mo 
...
+ ~~~~~~~~~~~~~~~~~~~
~~~~~~~~~~~~~~~~~~~~~
~~~~~~~~~~~~~~~~~~~~~
~~~~~~~~
    + CategoryInfo   
           : NotSpe  
  cified: (:String   
 ) [], RemoteExce    
ption
    + FullyQualified 
   ErrorId : Native  
  CommandError
 
> Build error 
occurred
Error: Configuring 
Next.js via 
'next.config.ts' is 
not supported. 
Please replace the 
file with 
'next.config.js' or 
'next.config.mjs'.
    at loadConfig (C:
\Users\mauro\alicia-m
orales-coach\node_mod
ules\next\dist\server
\config.js:800:19)
    at async 
Span.traceAsyncFn (C:
\Users\mauro\alicia-m
orales-coach\node_mod
ules\next\dist\trace\
trace.js:154:20)
    at async C:\Users
\mauro\alicia-morales
-coach\node_modules\n
ext\dist\build\index.
js:374:28
    at async 
Span.traceAsyncFn (C:
\Users\mauro\alicia-m
orales-coach\node_mod
ules\next\dist\trace\
trace.js:154:20)
    at async build (C
:\Users\mauro\alicia-
morales-coach\node_mo
dules\next\dist\build
\index.js:368:9)
